2014.04.23 12:07:18	1	Начало импорта БД `turbo`
2014.04.23 12:07:18	1	Файл: turbo_2014-04-17_20-11-58.sql.gz
2014.04.23 12:07:18	1	Установлена кодировка соединения: `binary`
2014.04.23 12:07:18	1	Импорт таблицы `3hnspc_categories`
2014.04.23 12:07:19	1	Импорт таблицы `3hnspc_rbac_authassignment`
2014.04.23 12:07:19	1	Импорт таблицы `3hnspc_rbac_authitem`
2014.04.23 12:07:19	1	Импорт таблицы `3hnspc_rbac_authitemchild`
2014.04.23 12:07:20	1	Импорт таблицы `3hnspc_rbac_rights`
2014.04.23 12:07:20	1	Импорт таблицы `3hnspc_users`
2014.04.23 12:07:20	1	Импорт таблицы `3hnspc_users_profiles`
2014.04.23 12:07:20	1	Импорт таблицы `3hnspc_users_profiles_fields`
2014.04.23 12:07:21	1	Импорт таблицы `msi_activation`
2014.04.23 12:07:21	1	Импорт таблицы `msi_group`
2014.04.23 12:07:21	1	Импорт таблицы `msi_member`
2014.04.23 12:07:21	1	Импорт таблицы `msi_member_sync`
2014.04.23 12:07:22	1	Импорт таблицы `msi_plugin`
2014.04.23 12:07:22	1	Импорт таблицы `msi_session`
2014.04.23 12:07:22	1	Импорт таблицы `s9r5d_acymailing_config`
2014.04.23 12:07:23	1	Импорт таблицы `s9r5d_acymailing_fields`
2014.04.23 12:07:23	1	Импорт таблицы `s9r5d_acymailing_filter`
2014.04.23 12:07:23	1	Импорт таблицы `s9r5d_acymailing_geolocation`
2014.04.23 12:07:23	1	Импорт таблицы `s9r5d_acymailing_history`
2014.04.23 12:07:23	1	Импорт таблицы `s9r5d_acymailing_list`
2014.04.23 12:07:24	1	Импорт таблицы `s9r5d_acymailing_listcampaign`
2014.04.23 12:07:24	1	Импорт таблицы `s9r5d_acymailing_listmail`
2014.04.23 12:07:24	1	Импорт таблицы `s9r5d_acymailing_listsub`
2014.04.23 12:07:25	1	Импорт таблицы `s9r5d_acymailing_mail`
2014.04.23 12:07:25	1	Импорт таблицы `s9r5d_acymailing_queue`
2014.04.23 12:07:25	1	Импорт таблицы `s9r5d_acymailing_rules`
2014.04.23 12:07:25	1	Импорт таблицы `s9r5d_acymailing_stats`
2014.04.23 12:07:25	1	Импорт таблицы `s9r5d_acymailing_subscriber`
2014.04.23 12:07:26	1	Импорт таблицы `s9r5d_acymailing_template`
2014.04.23 12:07:26	1	Импорт таблицы `s9r5d_acymailing_url`
2014.04.23 12:07:26	1	Импорт таблицы `s9r5d_acymailing_urlclick`
2014.04.23 12:07:26	1	Импорт таблицы `s9r5d_acymailing_userstats`
2014.04.23 12:07:26	1	Импорт таблицы `s9r5d_ak_acl`
2014.04.23 12:07:26	1	Импорт таблицы `s9r5d_ak_profiles`
2014.04.23 12:07:26	1	Импорт таблицы `s9r5d_ak_stats`
2014.04.23 12:07:26	1	Импорт таблицы `s9r5d_ak_storage`
2014.04.23 12:07:26	1	Импорт таблицы `s9r5d_assets`
2014.04.23 12:07:26	1	Импорт таблицы `s9r5d_associations`
2014.04.23 12:07:26	1	Импорт таблицы `s9r5d_banner_clients`
2014.04.23 12:07:27	1	Импорт таблицы `s9r5d_banner_tracks`
2014.04.23 12:07:27	1	Импорт таблицы `s9r5d_banners`
2014.04.23 12:07:27	1	Импорт таблицы `s9r5d_categories`
2014.04.23 12:07:27	1	Импорт таблицы `s9r5d_company_comments`
2014.04.23 12:07:27	1	Импорт таблицы `s9r5d_company_questions`
2014.04.23 12:07:27	1	Импорт таблицы `s9r5d_contact_details`
2014.04.23 12:07:27	1	Импорт таблицы `s9r5d_content`
2014.04.23 12:07:27	1	Импорт таблицы `s9r5d_content_frontpage`
2014.04.23 12:07:27	1	Импорт таблицы `s9r5d_content_rating`
2014.04.23 12:07:27	1	Импорт таблицы `s9r5d_core_log_searches`
2014.04.23 12:07:27	1	Импорт таблицы `s9r5d_extensions`
2014.04.23 12:07:27	1	Импорт таблицы `s9r5d_finder_filters`
2014.04.23 12:07:27	1	Импорт таблицы `s9r5d_finder_links`
2014.04.23 12:07:28	1	Импорт таблицы `s9r5d_finder_links_terms0`
2014.04.23 12:07:28	1	Импорт таблицы `s9r5d_finder_links_terms1`
2014.04.23 12:07:28	1	Импорт таблицы `s9r5d_finder_links_terms2`
2014.04.23 12:07:28	1	Импорт таблицы `s9r5d_finder_links_terms3`
2014.04.23 12:07:29	1	Импорт таблицы `s9r5d_finder_links_terms4`
2014.04.23 12:07:29	1	Импорт таблицы `s9r5d_finder_links_terms5`
2014.04.23 12:07:29	1	Импорт таблицы `s9r5d_finder_links_terms6`
2014.04.23 12:07:29	1	Импорт таблицы `s9r5d_finder_links_terms7`
2014.04.23 12:07:29	1	Импорт таблицы `s9r5d_finder_links_terms8`
2014.04.23 12:07:29	1	Импорт таблицы `s9r5d_finder_links_terms9`
2014.04.23 12:07:30	1	Импорт таблицы `s9r5d_finder_links_termsa`
2014.04.23 12:07:30	1	Импорт таблицы `s9r5d_finder_links_termsb`
2014.04.23 12:07:30	1	Импорт таблицы `s9r5d_finder_links_termsc`
2014.04.23 12:07:30	1	Импорт таблицы `s9r5d_finder_links_termsd`
2014.04.23 12:07:30	1	Импорт таблицы `s9r5d_finder_links_termse`
2014.04.23 12:07:30	1	Импорт таблицы `s9r5d_finder_links_termsf`
2014.04.23 12:07:30	1	Импорт таблицы `s9r5d_finder_taxonomy`
2014.04.23 12:07:30	1	Импорт таблицы `s9r5d_finder_taxonomy_map`
2014.04.23 12:07:30	1	Импорт таблицы `s9r5d_finder_terms`
2014.04.23 12:07:34	1	Импорт таблицы `s9r5d_finder_terms_common`
2014.04.23 12:07:34	1	Импорт таблицы `s9r5d_finder_tokens`
2014.04.23 12:07:34	1	Импорт таблицы `s9r5d_finder_tokens_aggregate`
2014.04.23 12:07:35	1	Импорт таблицы `s9r5d_finder_types`
2014.04.23 12:07:35	1	Импорт таблицы `s9r5d_foxcontact_sessions`
2014.04.23 12:07:35	1	Импорт таблицы `s9r5d_foxcontact_settings`
2014.04.23 12:07:35	1	Импорт таблицы `s9r5d_k2_attachments`
2014.04.23 12:07:35	1	Импорт таблицы `s9r5d_k2_categories`
2014.04.23 12:07:35	1	Импорт таблицы `s9r5d_k2_comments`
2014.04.23 12:07:35	1	Импорт таблицы `s9r5d_k2_extra_fields`
2014.04.23 12:07:36	1	Импорт таблицы `s9r5d_k2_extra_fields_groups`
2014.04.23 12:07:36	1	Импорт таблицы `s9r5d_k2_items`
2014.04.23 12:07:36	1	Импорт таблицы `s9r5d_k2_rating`
2014.04.23 12:07:36	1	Импорт таблицы `s9r5d_k2_tags`
2014.04.23 12:07:36	1	Импорт таблицы `s9r5d_k2_tags_xref`
2014.04.23 12:07:36	1	Импорт таблицы `s9r5d_k2_user_groups`
2014.04.23 12:07:36	1	Импорт таблицы `s9r5d_k2_users`
2014.04.23 12:07:36	1	Импорт таблицы `s9r5d_kunena_announcement`
2014.04.23 12:07:36	1	Импорт таблицы `s9r5d_kunena_attachments`
2014.04.23 12:07:36	1	Импорт таблицы `s9r5d_kunena_categories`
2014.04.23 12:07:37	1	Импорт таблицы `s9r5d_kunena_config`
2014.04.23 12:07:37	1	Импорт таблицы `s9r5d_kunena_favorites`
2014.04.23 12:07:37	1	Импорт таблицы `s9r5d_kunena_groups`
2014.04.23 12:07:37	1	Импорт таблицы `s9r5d_kunena_messages`
2014.04.23 12:07:37	1	Импорт таблицы `s9r5d_kunena_messages_text`
2014.04.23 12:07:37	1	Импорт таблицы `s9r5d_kunena_moderation`
2014.04.23 12:07:37	1	Импорт таблицы `s9r5d_kunena_polls`
2014.04.23 12:07:37	1	Импорт таблицы `s9r5d_kunena_polls_options`
2014.04.23 12:07:37	1	Импорт таблицы `s9r5d_kunena_polls_users`
2014.04.23 12:07:37	1	Импорт таблицы `s9r5d_kunena_ranks`
2014.04.23 12:07:37	1	Импорт таблицы `s9r5d_kunena_sessions`
2014.04.23 12:07:37	1	Импорт таблицы `s9r5d_kunena_smileys`
2014.04.23 12:07:37	1	Импорт таблицы `s9r5d_kunena_subscriptions`
2014.04.23 12:07:37	1	Импорт таблицы `s9r5d_kunena_subscriptions_categories`
2014.04.23 12:07:37	1	Импорт таблицы `s9r5d_kunena_thankyou`
2014.04.23 12:07:38	1	Импорт таблицы `s9r5d_kunena_users`
2014.04.23 12:07:38	1	Импорт таблицы `s9r5d_kunena_users_banned`
2014.04.23 12:07:38	1	Импорт таблицы `s9r5d_kunena_version`
2014.04.23 12:07:38	1	Импорт таблицы `s9r5d_kunena_whoisonline`
2014.04.23 12:07:38	1	Импорт таблицы `s9r5d_languages`
2014.04.23 12:07:38	1	Импорт таблицы `s9r5d_menu`
2014.04.23 12:07:38	1	Импорт таблицы `s9r5d_menu_types`
2014.04.23 12:07:38	1	Импорт таблицы `s9r5d_messages`
2014.04.23 12:07:38	1	Импорт таблицы `s9r5d_messages_cfg`
2014.04.23 12:07:38	1	Импорт таблицы `s9r5d_modules`
2014.04.23 12:07:39	1	Импорт таблицы `s9r5d_modules_menu`
2014.04.23 12:07:39	1	Импорт таблицы `s9r5d_newsfeeds`
2014.04.23 12:07:39	1	Импорт таблицы `s9r5d_overrider`
2014.04.23 12:07:39	1	Импорт таблицы `s9r5d_redirect_links`
2014.04.23 12:07:40	1	Импорт таблицы `s9r5d_schemas`
2014.04.23 12:07:40	1	Импорт таблицы `s9r5d_session`
2014.04.23 12:07:40	1	Импорт таблицы `s9r5d_sh404sef_aliases`
2014.04.23 12:07:40	1	Импорт таблицы `s9r5d_sh404sef_metas`
2014.04.23 12:07:40	1	Импорт таблицы `s9r5d_sh404sef_pageids`
2014.04.23 12:07:40	1	Импорт таблицы `s9r5d_sh404sef_urls`
2014.04.23 12:07:40	1	Импорт таблицы `s9r5d_sitemap_sitemaps`
2014.04.23 12:07:40	1	Импорт таблицы `s9r5d_subscribers`
2014.04.23 12:07:40	1	Импорт таблицы `s9r5d_subscribers_pull_mails`
2014.04.23 12:07:40	1	Импорт таблицы `s9r5d_template_styles`
2014.04.23 12:07:41	1	Импорт таблицы `s9r5d_uddeim`
2014.04.23 12:07:41	1	Импорт таблицы `s9r5d_uddeim_attachments`
2014.04.23 12:07:41	1	Импорт таблицы `s9r5d_uddeim_blocks`
2014.04.23 12:07:41	1	Импорт таблицы `s9r5d_uddeim_config`
2014.04.23 12:07:41	1	Импорт таблицы `s9r5d_uddeim_emn`
2014.04.23 12:07:41	1	Импорт таблицы `s9r5d_uddeim_spam`
2014.04.23 12:07:41	1	Импорт таблицы `s9r5d_uddeim_userlists`
2014.04.23 12:07:41	1	Импорт таблицы `s9r5d_update_categories`
2014.04.23 12:07:41	1	Импорт таблицы `s9r5d_update_sites`
2014.04.23 12:07:41	1	Импорт таблицы `s9r5d_update_sites_extensions`
2014.04.23 12:07:41	1	Импорт таблицы `s9r5d_updates`
2014.04.23 12:07:41	1	Импорт таблицы `s9r5d_user_notes`
2014.04.23 12:07:41	1	Импорт таблицы `s9r5d_user_profiles`
2014.04.23 12:07:41	1	Импорт таблицы `s9r5d_user_usergroup_map`
2014.04.23 12:07:41	1	Импорт таблицы `s9r5d_usergroups`
2014.04.23 12:07:41	1	Импорт таблицы `s9r5d_users`
2014.04.23 12:07:42	1	Импорт таблицы `s9r5d_users_guests`
2014.04.23 12:07:42	1	Импорт таблицы `s9r5d_viewlevels`
2014.04.23 12:07:42	1	Импорт таблицы `s9r5d_virtuemart_adminmenuentries`
2014.04.23 12:07:42	1	Импорт таблицы `s9r5d_virtuemart_calc_categories`
2014.04.23 12:07:42	1	Импорт таблицы `s9r5d_virtuemart_calc_countries`
2014.04.23 12:07:42	1	Импорт таблицы `s9r5d_virtuemart_calc_shoppergroups`
2014.04.23 12:07:42	1	Импорт таблицы `s9r5d_virtuemart_calc_states`
2014.04.23 12:07:42	1	Импорт таблицы `s9r5d_virtuemart_calcs`
2014.04.23 12:07:42	1	Импорт таблицы `s9r5d_virtuemart_categories`
2014.04.23 12:07:42	1	Импорт таблицы `s9r5d_virtuemart_categories_ru_ru`
2014.04.23 12:07:43	1	Импорт таблицы `s9r5d_virtuemart_category_categories`
2014.04.23 12:07:43	1	Импорт таблицы `s9r5d_virtuemart_category_medias`
2014.04.23 12:07:43	1	Импорт таблицы `s9r5d_virtuemart_configs`
2014.04.23 12:07:43	1	Импорт таблицы `s9r5d_virtuemart_countries`
2014.04.23 12:07:43	1	Импорт таблицы `s9r5d_virtuemart_coupons`
2014.04.23 12:07:43	1	Импорт таблицы `s9r5d_virtuemart_currencies`
2014.04.23 12:07:43	1	Импорт таблицы `s9r5d_virtuemart_customs`
2014.04.23 12:07:43	1	Импорт таблицы `s9r5d_virtuemart_invoices`
2014.04.23 12:07:44	1	Импорт таблицы `s9r5d_virtuemart_manufacturer_medias`
2014.04.23 12:07:44	1	Импорт таблицы `s9r5d_virtuemart_manufacturercategories`
2014.04.23 12:07:44	1	Импорт таблицы `s9r5d_virtuemart_manufacturercategories_ru_ru`
2014.04.23 12:07:44	1	Импорт таблицы `s9r5d_virtuemart_manufacturers`
2014.04.23 12:07:44	1	Импорт таблицы `s9r5d_virtuemart_manufacturers_ru_ru`
2014.04.23 12:07:45	1	Импорт таблицы `s9r5d_virtuemart_medias`
2014.04.23 12:07:46	1	Импорт таблицы `s9r5d_virtuemart_migration_oldtonew_ids`
2014.04.23 12:07:46	1	Импорт таблицы `s9r5d_virtuemart_modules`
2014.04.23 12:07:46	1	Импорт таблицы `s9r5d_virtuemart_order_calc_rules`
2014.04.23 12:07:47	1	Импорт таблицы `s9r5d_virtuemart_order_histories`
2014.04.23 12:07:47	1	Импорт таблицы `s9r5d_virtuemart_order_items`
2014.04.23 12:07:47	1	Импорт таблицы `s9r5d_virtuemart_order_userinfos`
2014.04.23 12:07:47	1	Импорт таблицы `s9r5d_virtuemart_orders`
2014.04.23 12:07:47	1	Импорт таблицы `s9r5d_virtuemart_orderstates`
2014.04.23 12:07:47	1	Импорт таблицы `s9r5d_virtuemart_payment_plg_standard`
2014.04.23 12:07:47	1	Импорт таблицы `s9r5d_virtuemart_paymentmethod_shoppergroups`
2014.04.23 12:07:47	1	Импорт таблицы `s9r5d_virtuemart_paymentmethods`
2014.04.23 12:07:47	1	Импорт таблицы `s9r5d_virtuemart_paymentmethods_ru_ru`
2014.04.23 12:07:47	1	Импорт таблицы `s9r5d_virtuemart_permgroups`
2014.04.23 12:07:47	1	Импорт таблицы `s9r5d_virtuemart_product_categories`
2014.04.23 12:07:48	1	Импорт таблицы `s9r5d_virtuemart_product_customfields`
2014.04.23 12:07:50	1	Импорт таблицы `s9r5d_virtuemart_product_manufacturers`
2014.04.23 12:07:51	1	Импорт таблицы `s9r5d_virtuemart_product_medias`
2014.04.23 12:07:52	1	Импорт таблицы `s9r5d_virtuemart_product_prices`
2014.04.23 12:07:52	1	Импорт таблицы `s9r5d_virtuemart_product_relations`
2014.04.23 12:07:52	1	Импорт таблицы `s9r5d_virtuemart_product_shoppergroups`
2014.04.23 12:07:52	1	Импорт таблицы `s9r5d_virtuemart_products`
2014.04.23 12:07:53	1	Импорт таблицы `s9r5d_virtuemart_products_ru_ru`
2014.04.23 12:07:55	1	Импорт таблицы `s9r5d_virtuemart_rating_reviews`
2014.04.23 12:07:55	1	Импорт таблицы `s9r5d_virtuemart_rating_votes`
2014.04.23 12:07:55	1	Импорт таблицы `s9r5d_virtuemart_ratings`
2014.04.23 12:07:55	1	Импорт таблицы `s9r5d_virtuemart_shipment_plg_weight_countries`
2014.04.23 12:07:55	1	Импорт таблицы `s9r5d_virtuemart_shipmentmethod_shoppergroups`
2014.04.23 12:07:55	1	Импорт таблицы `s9r5d_virtuemart_shipmentmethods`
2014.04.23 12:07:55	1	Импорт таблицы `s9r5d_virtuemart_shipmentmethods_ru_ru`
2014.04.23 12:07:56	1	Импорт таблицы `s9r5d_virtuemart_shoppergroups`
2014.04.23 12:07:56	1	Импорт таблицы `s9r5d_virtuemart_states`
2014.04.23 12:07:56	1	Импорт таблицы `s9r5d_virtuemart_userfield_values`
2014.04.23 12:07:56	1	Импорт таблицы `s9r5d_virtuemart_userfields`
2014.04.23 12:07:57	1	Импорт таблицы `s9r5d_virtuemart_userinfos`
2014.04.23 12:07:57	1	Импорт таблицы `s9r5d_virtuemart_vendor_medias`
2014.04.23 12:07:57	1	Импорт таблицы `s9r5d_virtuemart_vendors`
2014.04.23 12:07:57	1	Импорт таблицы `s9r5d_virtuemart_vendors_ru_ru`
2014.04.23 12:07:57	1	Импорт таблицы `s9r5d_virtuemart_vmuser_shoppergroups`
2014.04.23 12:07:57	1	Импорт таблицы `s9r5d_virtuemart_vmusers`
2014.04.23 12:07:57	1	Импорт таблицы `s9r5d_virtuemart_waitingusers`
2014.04.23 12:07:57	1	Импорт таблицы `s9r5d_virtuemart_worldzones`
2014.04.23 12:07:57	1	Импорт таблицы `s9r5d_weblinks`
2014.04.23 12:07:57	1	Импорт таблицы `s9r5d_wf_profiles`
2014.04.23 12:07:57	1	Импорт таблицы `s9r5d_xmap_items`
2014.04.23 12:07:57	1	Импорт таблицы `s9r5d_xmap_sitemap`
2014.04.23 12:07:57	1	Импорт таблицы `vb_access`
2014.04.23 12:07:58	1	Импорт таблицы `vb_action`
2014.04.23 12:07:58	1	Импорт таблицы `vb_activitystream`
2014.04.23 12:07:58	1	Импорт таблицы `vb_activitystreamtype`
2014.04.23 12:07:58	1	Импорт таблицы `vb_ad`
2014.04.23 12:07:58	1	Импорт таблицы `vb_adcriteria`
2014.04.23 12:07:58	1	Импорт таблицы `vb_adminhelp`
2014.04.23 12:07:59	1	Импорт таблицы `vb_administrator`
2014.04.23 12:07:59	1	Импорт таблицы `vb_adminlog`
2014.04.23 12:07:59	1	Импорт таблицы `vb_adminmessage`
2014.04.23 12:07:59	1	Импорт таблицы `vb_adminutil`
2014.04.23 12:07:59	1	Импорт таблицы `vb_album`
2014.04.23 12:07:59	1	Импорт таблицы `vb_albumupdate`
2014.04.23 12:07:59	1	Импорт таблицы `vb_announcement`
2014.04.23 12:07:59	1	Импорт таблицы `vb_announcementread`
2014.04.23 12:07:59	1	Импорт таблицы `vb_apiclient`
2014.04.23 12:07:59	1	Импорт таблицы `vb_apilog`
2014.04.23 12:07:59	1	Импорт таблицы `vb_apipost`
2014.04.23 12:07:59	1	Импорт таблицы `vb_attachment`
2014.04.23 12:07:59	1	Импорт таблицы `vb_attachmentcategory`
2014.04.23 12:08:00	1	Импорт таблицы `vb_attachmentcategoryuser`
2014.04.23 12:08:00	1	Импорт таблицы `vb_attachmentpermission`
2014.04.23 12:08:00	1	Импорт таблицы `vb_attachmenttype`
2014.04.23 12:08:00	1	Импорт таблицы `vb_attachmentviews`
2014.04.23 12:08:00	1	Импорт таблицы `vb_autosave`
2014.04.23 12:08:00	1	Импорт таблицы `vb_avatar`
2014.04.23 12:08:00	1	Импорт таблицы `vb_bbcode`
2014.04.23 12:08:00	1	Импорт таблицы `vb_bbcode_video`
2014.04.23 12:08:01	1	Импорт таблицы `vb_block`
2014.04.23 12:08:01	1	Импорт таблицы `vb_blockconfig`
2014.04.23 12:08:01	1	Импорт таблицы `vb_blocktype`
2014.04.23 12:08:01	1	Импорт таблицы `vb_bookmarksite`
2014.04.23 12:08:01	1	Импорт таблицы `vb_cache`
2014.04.23 12:08:01	1	Импорт таблицы `vb_cacheevent`
2014.04.23 12:08:01	1	Импорт таблицы `vb_calendar`
2014.04.23 12:08:02	1	Импорт таблицы `vb_calendarcustomfield`
2014.04.23 12:08:02	1	Импорт таблицы `vb_calendarmoderator`
2014.04.23 12:08:02	1	Импорт таблицы `vb_calendarpermission`
2014.04.23 12:08:02	1	Импорт таблицы `vb_contentpriority`
2014.04.23 12:08:02	1	Импорт таблицы `vb_contentread`
2014.04.23 12:08:02	1	Импорт таблицы `vb_contenttype`
2014.04.23 12:08:02	1	Импорт таблицы `vb_cpsession`
2014.04.23 12:08:03	1	Импорт таблицы `vb_cron`
2014.04.23 12:08:03	1	Импорт таблицы `vb_cronlog`
2014.04.23 12:08:03	1	Импорт таблицы `vb_customavatar`
2014.04.23 12:08:03	1	Импорт таблицы `vb_customprofile`
2014.04.23 12:08:03	1	Импорт таблицы `vb_customprofilepic`
2014.04.23 12:08:03	1	Импорт таблицы `vb_datastore`
2014.04.23 12:08:03	1	Импорт таблицы `vb_dbquery`
2014.04.23 12:08:03	1	Импорт таблицы `vb_deletionlog`
2014.04.23 12:08:03	1	Импорт таблицы `vb_discussion`
2014.04.23 12:08:03	1	Импорт таблицы `vb_discussionread`
2014.04.23 12:08:03	1	Импорт таблицы `vb_editlog`
2014.04.23 12:08:04	1	Импорт таблицы `vb_event`
2014.04.23 12:08:04	1	Импорт таблицы `vb_externalcache`
2014.04.23 12:08:04	1	Импорт таблицы `vb_faq`
2014.04.23 12:08:04	1	Импорт таблицы `vb_filedata`
2014.04.23 12:08:04	1	Импорт таблицы `vb_forum`
2014.04.23 12:08:04	1	Импорт таблицы `vb_forumpermission`
2014.04.23 12:08:04	1	Импорт таблицы `vb_forumprefixset`
2014.04.23 12:08:04	1	Импорт таблицы `vb_forumread`
2014.04.23 12:08:04	1	Импорт таблицы `vb_forumrunner_push_data`
2014.04.23 12:08:04	1	Импорт таблицы `vb_forumrunner_push_users`
2014.04.23 12:08:04	1	Импорт таблицы `vb_groupmessage`
2014.04.23 12:08:04	1	Импорт таблицы `vb_groupmessage_hash`
2014.04.23 12:08:04	1	Импорт таблицы `vb_groupread`
2014.04.23 12:08:05	1	Импорт таблицы `vb_holiday`
2014.04.23 12:08:05	1	Импорт таблицы `vb_humanverify`
2014.04.23 12:08:05	1	Импорт таблицы `vb_hvanswer`
2014.04.23 12:08:05	1	Импорт таблицы `vb_hvquestion`
2014.04.23 12:08:05	1	Импорт таблицы `vb_icon`
2014.04.23 12:08:05	1	Импорт таблицы `vb_imagecategory`
2014.04.23 12:08:05	1	Импорт таблицы `vb_imagecategorypermission`
2014.04.23 12:08:06	1	Импорт таблицы `vb_indexqueue`
2014.04.23 12:08:06	1	Импорт таблицы `vb_infraction`
2014.04.23 12:08:06	1	Импорт таблицы `vb_infractionban`
2014.04.23 12:08:06	1	Импорт таблицы `vb_infractiongroup`
2014.04.23 12:08:06	1	Импорт таблицы `vb_infractionlevel`
2014.04.23 12:08:06	1	Импорт таблицы `vb_ipdata`
2014.04.23 12:08:06	1	Импорт таблицы `vb_language`
2014.04.23 12:08:07	1	Импорт таблицы `vb_mailqueue`
2014.04.23 12:08:07	1	Импорт таблицы `vb_moderation`
2014.04.23 12:08:07	1	Импорт таблицы `vb_moderator`
2014.04.23 12:08:07	1	Импорт таблицы `vb_moderatorlog`
2014.04.23 12:08:07	1	Импорт таблицы `vb_navigation`
2014.04.23 12:08:07	1	Импорт таблицы `vb_notice`
2014.04.23 12:08:07	1	Импорт таблицы `vb_noticecriteria`
2014.04.23 12:08:07	1	Импорт таблицы `vb_noticedismissed`
2014.04.23 12:08:07	1	Импорт таблицы `vb_package`
2014.04.23 12:08:07	1	Импорт таблицы `vb_passwordhistory`
2014.04.23 12:08:07	1	Импорт таблицы `vb_paymentapi`
2014.04.23 12:08:08	1	Импорт таблицы `vb_paymentinfo`
2014.04.23 12:08:08	1	Импорт таблицы `vb_paymenttransaction`
2014.04.23 12:08:08	1	Импорт таблицы `vb_phrase`
2014.04.23 12:08:13	1	Импорт таблицы `vb_phrasetype`
2014.04.23 12:08:13	1	Импорт таблицы `vb_picturecomment`
2014.04.23 12:08:14	1	Импорт таблицы `vb_picturecomment_hash`
2014.04.23 12:08:14	1	Импорт таблицы `vb_picturelegacy`
2014.04.23 12:08:14	1	Импорт таблицы `vb_plugin`
2014.04.23 12:08:14	1	Импорт таблицы `vb_pm`
2014.04.23 12:08:15	1	Импорт таблицы `vb_pmreceipt`
2014.04.23 12:08:15	1	Импорт таблицы `vb_pmtext`
2014.04.23 12:08:16	1	Импорт таблицы `vb_pmthrottle`
2014.04.23 12:08:16	1	Импорт таблицы `vb_podcast`
2014.04.23 12:08:16	1	Импорт таблицы `vb_podcastitem`
2014.04.23 12:08:16	1	Импорт таблицы `vb_poll`
2014.04.23 12:08:16	1	Импорт таблицы `vb_pollvote`
2014.04.23 12:08:17	1	Импорт таблицы `vb_post`
2014.04.23 12:08:17	1	Импорт таблицы `vb_postedithistory`
2014.04.23 12:08:17	1	Импорт таблицы `vb_posthash`
2014.04.23 12:08:17	1	Импорт таблицы `vb_postlog`
2014.04.23 12:08:17	1	Импорт таблицы `vb_postparsed`
2014.04.23 12:08:18	1	Импорт таблицы `vb_postrelease`
2014.04.23 12:08:18	1	Импорт таблицы `vb_prefix`
2014.04.23 12:08:18	1	Импорт таблицы `vb_prefixpermission`
2014.04.23 12:08:18	1	Импорт таблицы `vb_prefixset`
2014.04.23 12:08:18	1	Импорт таблицы `vb_product`
2014.04.23 12:08:18	1	Импорт таблицы `vb_productcode`
2014.04.23 12:08:18	1	Импорт таблицы `vb_productdependency`
2014.04.23 12:08:18	1	Импорт таблицы `vb_profileblockprivacy`
2014.04.23 12:08:18	1	Импорт таблицы `vb_profilefield`
2014.04.23 12:08:18	1	Импорт таблицы `vb_profilefieldcategory`
2014.04.23 12:08:18	1	Импорт таблицы `vb_profilevisitor`
2014.04.23 12:08:19	1	Импорт таблицы `vb_ranks`
2014.04.23 12:08:19	1	Импорт таблицы `vb_reminder`
2014.04.23 12:08:19	1	Импорт таблицы `vb_reputation`
2014.04.23 12:08:19	1	Импорт таблицы `vb_reputationlevel`
2014.04.23 12:08:19	1	Импорт таблицы `vb_route`
2014.04.23 12:08:19	1	Импорт таблицы `vb_rssfeed`
2014.04.23 12:08:19	1	Импорт таблицы `vb_rsslog`
2014.04.23 12:08:19	1	Импорт таблицы `vb_searchcore`
2014.04.23 12:08:19	1	Импорт таблицы `vb_searchcore_text`
2014.04.23 12:08:19	1	Импорт таблицы `vb_searchgroup`
2014.04.23 12:08:19	1	Импорт таблицы `vb_searchgroup_text`
2014.04.23 12:08:19	1	Импорт таблицы `vb_searchlog`
2014.04.23 12:08:19	1	Импорт таблицы `vb_session`
2014.04.23 12:08:19	1	Импорт таблицы `vb_setting`
2014.04.23 12:08:20	1	Импорт таблицы `vb_settinggroup`
2014.04.23 12:08:20	1	Импорт таблицы `vb_sigparsed`
2014.04.23 12:08:20	1	Импорт таблицы `vb_sigpic`
2014.04.23 12:08:20	1	Импорт таблицы `vb_skimlinks`
2014.04.23 12:08:20	1	Импорт таблицы `vb_smilie`
2014.04.23 12:08:20	1	Импорт таблицы `vb_socialgroup`
2014.04.23 12:08:21	1	Импорт таблицы `vb_socialgroupcategory`
2014.04.23 12:08:21	1	Импорт таблицы `vb_socialgroupicon`
2014.04.23 12:08:21	1	Импорт таблицы `vb_socialgroupmember`
2014.04.23 12:08:21	1	Импорт таблицы `vb_spamlog`
2014.04.23 12:08:21	1	Импорт таблицы `vb_stats`
2014.04.23 12:08:21	1	Импорт таблицы `vb_strikes`
2014.04.23 12:08:21	1	Импорт таблицы `vb_style`
2014.04.23 12:08:21	1	Импорт таблицы `vb_stylevar`
2014.04.23 12:08:21	1	Импорт таблицы `vb_stylevardfn`
2014.04.23 12:08:21	1	Импорт таблицы `vb_subscribediscussion`
2014.04.23 12:08:21	1	Импорт таблицы `vb_subscribeevent`
2014.04.23 12:08:21	1	Импорт таблицы `vb_subscribeforum`
2014.04.23 12:08:22	1	Импорт таблицы `vb_subscribegroup`
2014.04.23 12:08:22	1	Импорт таблицы `vb_subscribethread`
2014.04.23 12:08:22	1	Импорт таблицы `vb_subscription`
2014.04.23 12:08:22	1	Импорт таблицы `vb_subscriptionlog`
2014.04.23 12:08:22	1	Импорт таблицы `vb_subscriptionpermission`
2014.04.23 12:08:22	1	Импорт таблицы `vb_tachyforumcounter`
2014.04.23 12:08:23	1	Импорт таблицы `vb_tachyforumpost`
2014.04.23 12:08:23	1	Импорт таблицы `vb_tachythreadcounter`
2014.04.23 12:08:23	1	Импорт таблицы `vb_tachythreadpost`
2014.04.23 12:08:23	1	Импорт таблицы `vb_tag`
2014.04.23 12:08:23	1	Импорт таблицы `vb_tagcontent`
2014.04.23 12:08:23	1	Импорт таблицы `vb_tagsearch`
2014.04.23 12:08:23	1	Импорт таблицы `vb_template`
2014.04.23 12:08:23	1	Импорт таблицы `vb_templatehistory`
2014.04.23 12:08:23	1	Импорт таблицы `vb_templatemerge`
2014.04.23 12:08:24	1	Импорт таблицы `vb_thread`
2014.04.23 12:08:24	1	Импорт таблицы `vb_threadrate`
2014.04.23 12:08:24	1	Импорт таблицы `vb_threadread`
2014.04.23 12:08:24	1	Импорт таблицы `vb_threadredirect`
2014.04.23 12:08:24	1	Импорт таблицы `vb_threadviews`
2014.04.23 12:08:24	1	Импорт таблицы `vb_upgradelog`
2014.04.23 12:08:24	1	Импорт таблицы `vb_user`
2014.04.23 12:08:25	1	Импорт таблицы `vb_useractivation`
2014.04.23 12:08:25	1	Импорт таблицы `vb_userban`
2014.04.23 12:08:25	1	Импорт таблицы `vb_userchangelog`
2014.04.23 12:08:25	1	Импорт таблицы `vb_usercss`
2014.04.23 12:08:25	1	Импорт таблицы `vb_usercsscache`
2014.04.23 12:08:25	1	Импорт таблицы `vb_userfield`
2014.04.23 12:08:25	1	Импорт таблицы `vb_usergroup`
2014.04.23 12:08:25	1	Импорт таблицы `vb_usergroupleader`
2014.04.23 12:08:25	1	Импорт таблицы `vb_usergrouprequest`
2014.04.23 12:08:25	1	Импорт таблицы `vb_userlist`
2014.04.23 12:08:25	1	Импорт таблицы `vb_usernote`
2014.04.23 12:08:25	1	Импорт таблицы `vb_userpromotion`
2014.04.23 12:08:25	1	Импорт таблицы `vb_usertextfield`
2014.04.23 12:08:26	1	Импорт таблицы `vb_usertitle`
2014.04.23 12:08:26	1	Импорт таблицы `vb_visitormessage`
2014.04.23 12:08:26	1	Импорт таблицы `vb_visitormessage_hash`
2014.04.23 12:08:26	1	Включение индексов
2014.04.23 12:08:36	1	БД `turbo` восстановлена из резервной копии.
