2015.01.19 19:25:15	1	Начало экспорта БД `turbo`
2015.01.19 19:25:15	1	Экспорт таблицы `3hnspc_categories`
2015.01.19 19:25:15	1	Экспорт таблицы `3hnspc_companies`
2015.01.19 19:25:15	1	Экспорт таблицы `3hnspc_companies_categories`
2015.01.19 19:25:16	1	Экспорт таблицы `3hnspc_companies_categories_map`
2015.01.19 19:25:16	1	Экспорт таблицы `3hnspc_pages`
2015.01.19 19:25:16	1	Экспорт таблицы `3hnspc_rbac_authassignment`
2015.01.19 19:25:16	1	Экспорт таблицы `3hnspc_rbac_authitem`
2015.01.19 19:25:16	1	Экспорт таблицы `3hnspc_rbac_authitemchild`
2015.01.19 19:25:16	1	Экспорт таблицы `3hnspc_rbac_rights`
2015.01.19 19:25:16	1	Экспорт таблицы `3hnspc_shop_bodies`
2015.01.19 19:25:16	1	Экспорт таблицы `3hnspc_shop_categories`
2015.01.19 19:25:17	1	Экспорт таблицы `3hnspc_shop_categories_medias`
2015.01.19 19:25:17	1	Экспорт таблицы `3hnspc_shop_currencies`
2015.01.19 19:25:17	1	Экспорт таблицы `3hnspc_shop_firms`
2015.01.19 19:25:17	1	Экспорт таблицы `3hnspc_shop_manufacturers`
2015.01.19 19:25:17	1	Экспорт таблицы `3hnspc_shop_medias`
2015.01.19 19:25:21	1	Экспорт таблицы `3hnspc_shop_models_auto`
2015.01.19 19:25:21	1	Экспорт таблицы `3hnspc_shop_models_auto_medias`
2015.01.19 19:25:21	1	Экспорт таблицы `3hnspc_shop_posts`
2015.01.19 19:25:21	1	Экспорт таблицы `3hnspc_shop_product_prices`
2015.01.19 19:25:22	1	Экспорт таблицы `3hnspc_shop_product_types`
2015.01.19 19:25:22	1	Экспорт таблицы `3hnspc_shop_products`
2015.01.19 19:25:27	1	Экспорт таблицы `3hnspc_shop_products_bodies`
2015.01.19 19:25:27	1	Экспорт таблицы `3hnspc_shop_products_categories`
2015.01.19 19:25:31	1	Экспорт таблицы `3hnspc_shop_products_images`
2015.01.19 19:25:31	1	Экспорт таблицы `3hnspc_shop_products_medias`
2015.01.19 19:25:32	1	Экспорт таблицы `3hnspc_subscribers`
2015.01.19 19:25:32	1	Экспорт таблицы `3hnspc_users`
2015.01.19 19:25:33	1	Экспорт таблицы `3hnspc_users_profiles`
2015.01.19 19:25:33	1	Экспорт таблицы `3hnspc_users_profiles_fields`
2015.01.19 19:25:33	1	Резервная копия БД `turbo` создана.
